   0  $accept : program $end

   1  program :
   2          | program scalar_decl
   3          | program array_decl
   4          | program func_decl

   5  scalar_decl : type idents ';'

   6  type : CONST
   7       | CONST non_const
   8       | non_const

   9  non_const : SIGNED
  10            | UNSIGNED
  11            | FLOAT_TYPE
  12            | DOUBLE_TYPE
  13            | VOID_TYPE
  14            | SIGNED integer
  15            | UNSIGNED integer
  16            | integer

  17  integer : int_size INT_TYPE
  18          | INT_TYPE
  19          | int_size
  20          | CHAR_TYPE

  21  int_size : LONGLONG_TYPE
  22           | LONG_TYPE
  23           | SHORT_TYPE

  24  idents : single_ident
  25         | single_ident ',' idents

  26  single_ident : ident '=' expression
  27               | ident
  28               | '*' ident

  29  array_decl : type arrays ';'

  30  arrays : single_array
  31         | single_array ',' arrays

  32  single_array : ident array_shape
  33               | ident array_shape '=' arr_content

  34  array_shape : '[' expression ']'
  35              | '[' expression ']' array_shape

  36  arr_content : '{' list_contents '}'

  37  list_contents : arr_content ',' list_contents
  38                | expression ',' list_contents
  39                | arr_content
  40                | expression

  41  func_decl : type ident func_cfg ';'
  42            | type '*' ident func_cfg ';'

  43  func_cfg : '(' paras ')'
  44           | '(' ')'

  45  paras : type ident ',' paras
  46        | type '*' ident ',' paras
  47        | type ident
  48        | type '*' ident

  49  func_arg : '(' ')'
  50           | '(' args ')'

  51  args : expression ',' args
  52       | expression

  53  expression : expression '+' expression
  54             | expression '-' expression
  55             | expression '*' expression
  56             | expression '/' expression
  57             | expression '%' expression
  58             | expression '>' expression
  59             | expression '<' expression
  60             | expression GE expression
  61             | expression LE expression
  62             | expression EQ expression
  63             | expression NEQ expression
  64             | expression LAND expression
  65             | expression LOR expression
  66             | expression '|' expression
  67             | expression '^' expression
  68             | expression '&' expression
  69             | expression LSHIFT expression
  70             | expression RSHIFT expression
  71             | '+' expression
  72             | '-' expression
  73             | INC expression
  74             | DEC expression
  75             | expression INC
  76             | expression DEC
  77             | '*' expression
  78             | '&' ident
  79             | ident func_arg
  80             | ident array_shape
  81             | '(' type ')' expression
  82             | '!' expression
  83             | '~' expression
  84             | NUM
  85             | FLOAT
  86             | CHAR_LIT
  87             | STRING_LIT
  88             | ident
  89             | '(' expression ')'

state 0
	$accept : . program $end  (0)
	program : .  (1)

	.  reduce 1

	program  goto 1


state 1
	$accept : program . $end  (0)
	program : program . scalar_decl  (2)
	program : program . array_decl  (3)
	program : program . func_decl  (4)

	$end  accept
	SHORT_TYPE  shift 2
	INT_TYPE  shift 3
	LONG_TYPE  shift 4
	LONGLONG_TYPE  shift 5
	FLOAT_TYPE  shift 6
	DOUBLE_TYPE  shift 7
	VOID_TYPE  shift 8
	CHAR_TYPE  shift 9
	CONST  shift 10
	SIGNED  shift 11
	UNSIGNED  shift 12
	.  error

	type  goto 13
	non_const  goto 14
	integer  goto 15
	int_size  goto 16
	scalar_decl  goto 17
	array_decl  goto 18
	func_decl  goto 19


state 2
	int_size : SHORT_TYPE .  (23)

	.  reduce 23


state 3
	integer : INT_TYPE .  (18)

	.  reduce 18


state 4
	int_size : LONG_TYPE .  (22)

	.  reduce 22


state 5
	int_size : LONGLONG_TYPE .  (21)

	.  reduce 21


state 6
	non_const : FLOAT_TYPE .  (11)

	.  reduce 11


state 7
	non_const : DOUBLE_TYPE .  (12)

	.  reduce 12


state 8
	non_const : VOID_TYPE .  (13)

	.  reduce 13


state 9
	integer : CHAR_TYPE .  (20)

	.  reduce 20


state 10
	type : CONST .  (6)
	type : CONST . non_const  (7)

	SHORT_TYPE  shift 2
	INT_TYPE  shift 3
	LONG_TYPE  shift 4
	LONGLONG_TYPE  shift 5
	FLOAT_TYPE  shift 6
	DOUBLE_TYPE  shift 7
	VOID_TYPE  shift 8
	CHAR_TYPE  shift 9
	SIGNED  shift 11
	UNSIGNED  shift 12
	ident  reduce 6
	'*'  reduce 6
	')'  reduce 6

	non_const  goto 20
	integer  goto 15
	int_size  goto 16


state 11
	non_const : SIGNED .  (9)
	non_const : SIGNED . integer  (14)

	SHORT_TYPE  shift 2
	INT_TYPE  shift 3
	LONG_TYPE  shift 4
	LONGLONG_TYPE  shift 5
	CHAR_TYPE  shift 9
	ident  reduce 9
	'*'  reduce 9
	')'  reduce 9

	integer  goto 21
	int_size  goto 16


state 12
	non_const : UNSIGNED .  (10)
	non_const : UNSIGNED . integer  (15)

	SHORT_TYPE  shift 2
	INT_TYPE  shift 3
	LONG_TYPE  shift 4
	LONGLONG_TYPE  shift 5
	CHAR_TYPE  shift 9
	ident  reduce 10
	'*'  reduce 10
	')'  reduce 10

	integer  goto 22
	int_size  goto 16


state 13
	scalar_decl : type . idents ';'  (5)
	array_decl : type . arrays ';'  (29)
	func_decl : type . ident func_cfg ';'  (41)
	func_decl : type . '*' ident func_cfg ';'  (42)

	ident  shift 23
	'*'  shift 24
	.  error

	idents  goto 25
	single_ident  goto 26
	arrays  goto 27
	single_array  goto 28


state 14
	type : non_const .  (8)

	.  reduce 8


state 15
	non_const : integer .  (16)

	.  reduce 16


state 16
	integer : int_size . INT_TYPE  (17)
	integer : int_size .  (19)

	INT_TYPE  shift 29
	ident  reduce 19
	'*'  reduce 19
	')'  reduce 19


state 17
	program : program scalar_decl .  (2)

	.  reduce 2


state 18
	program : program array_decl .  (3)

	.  reduce 3


state 19
	program : program func_decl .  (4)

	.  reduce 4


state 20
	type : CONST non_const .  (7)

	.  reduce 7


state 21
	non_const : SIGNED integer .  (14)

	.  reduce 14


state 22
	non_const : UNSIGNED integer .  (15)

	.  reduce 15


state 23
	single_ident : ident . '=' expression  (26)
	single_ident : ident .  (27)
	single_array : ident . array_shape  (32)
	single_array : ident . array_shape '=' arr_content  (33)
	func_decl : type ident . func_cfg ';'  (41)

	'='  shift 30
	'['  shift 31
	'('  shift 32
	';'  reduce 27
	','  reduce 27

	array_shape  goto 33
	func_cfg  goto 34


state 24
	single_ident : '*' . ident  (28)
	func_decl : type '*' . ident func_cfg ';'  (42)

	ident  shift 35
	.  error


state 25
	scalar_decl : type idents . ';'  (5)

	';'  shift 36
	.  error


state 26
	idents : single_ident .  (24)
	idents : single_ident . ',' idents  (25)

	','  shift 37
	';'  reduce 24


state 27
	array_decl : type arrays . ';'  (29)

	';'  shift 38
	.  error


state 28
	arrays : single_array .  (30)
	arrays : single_array . ',' arrays  (31)

	','  shift 39
	';'  reduce 30


state 29
	integer : int_size INT_TYPE .  (17)

	.  reduce 17


state 30
	single_ident : ident '=' . expression  (26)

	NUM  shift 40
	FLOAT  shift 41
	CHAR_LIT  shift 42
	STRING_LIT  shift 43
	ident  shift 44
	INC  shift 45
	DEC  shift 46
	'&'  shift 47
	'+'  shift 48
	'-'  shift 49
	'*'  shift 50
	'('  shift 51
	'!'  shift 52
	'~'  shift 53
	.  error

	expression  goto 54


state 31
	array_shape : '[' . expression ']'  (34)
	array_shape : '[' . expression ']' array_shape  (35)

	NUM  shift 40
	FLOAT  shift 41
	CHAR_LIT  shift 42
	STRING_LIT  shift 43
	ident  shift 44
	INC  shift 45
	DEC  shift 46
	'&'  shift 47
	'+'  shift 48
	'-'  shift 49
	'*'  shift 50
	'('  shift 51
	'!'  shift 52
	'~'  shift 53
	.  error

	expression  goto 55


state 32
	func_cfg : '(' . paras ')'  (43)
	func_cfg : '(' . ')'  (44)

	SHORT_TYPE  shift 2
	INT_TYPE  shift 3
	LONG_TYPE  shift 4
	LONGLONG_TYPE  shift 5
	FLOAT_TYPE  shift 6
	DOUBLE_TYPE  shift 7
	VOID_TYPE  shift 8
	CHAR_TYPE  shift 9
	CONST  shift 10
	SIGNED  shift 11
	UNSIGNED  shift 12
	')'  shift 56
	.  error

	type  goto 57
	non_const  goto 14
	integer  goto 15
	int_size  goto 16
	paras  goto 58


state 33
	single_array : ident array_shape .  (32)
	single_array : ident array_shape . '=' arr_content  (33)

	'='  shift 59
	';'  reduce 32
	','  reduce 32


state 34
	func_decl : type ident func_cfg . ';'  (41)

	';'  shift 60
	.  error


state 35
	single_ident : '*' ident .  (28)
	func_decl : type '*' ident . func_cfg ';'  (42)

	'('  shift 32
	';'  reduce 28
	','  reduce 28

	func_cfg  goto 61


state 36
	scalar_decl : type idents ';' .  (5)

	.  reduce 5


state 37
	idents : single_ident ',' . idents  (25)

	ident  shift 62
	'*'  shift 63
	.  error

	idents  goto 64
	single_ident  goto 26


state 38
	array_decl : type arrays ';' .  (29)

	.  reduce 29


state 39
	arrays : single_array ',' . arrays  (31)

	ident  shift 65
	.  error

	arrays  goto 66
	single_array  goto 28


state 40
	expression : NUM .  (84)

	.  reduce 84


state 41
	expression : FLOAT .  (85)

	.  reduce 85


state 42
	expression : CHAR_LIT .  (86)

	.  reduce 86


state 43
	expression : STRING_LIT .  (87)

	.  reduce 87


state 44
	expression : ident . func_arg  (79)
	expression : ident . array_shape  (80)
	expression : ident .  (88)

	'['  shift 31
	'('  shift 67
	INC  reduce 88
	DEC  reduce 88
	LAND  reduce 88
	LOR  reduce 88
	'|'  reduce 88
	'^'  reduce 88
	'&'  reduce 88
	EQ  reduce 88
	NEQ  reduce 88
	'<'  reduce 88
	'>'  reduce 88
	GE  reduce 88
	LE  reduce 88
	LSHIFT  reduce 88
	RSHIFT  reduce 88
	'+'  reduce 88
	'-'  reduce 88
	'*'  reduce 88
	'/'  reduce 88
	'%'  reduce 88
	';'  reduce 88
	','  reduce 88
	']'  reduce 88
	'}'  reduce 88
	')'  reduce 88

	array_shape  goto 68
	func_arg  goto 69


state 45
	expression : INC . expression  (73)

	NUM  shift 40
	FLOAT  shift 41
	CHAR_LIT  shift 42
	STRING_LIT  shift 43
	ident  shift 44
	INC  shift 45
	DEC  shift 46
	'&'  shift 47
	'+'  shift 48
	'-'  shift 49
	'*'  shift 50
	'('  shift 51
	'!'  shift 52
	'~'  shift 53
	.  error

	expression  goto 70


state 46
	expression : DEC . expression  (74)

	NUM  shift 40
	FLOAT  shift 41
	CHAR_LIT  shift 42
	STRING_LIT  shift 43
	ident  shift 44
	INC  shift 45
	DEC  shift 46
	'&'  shift 47
	'+'  shift 48
	'-'  shift 49
	'*'  shift 50
	'('  shift 51
	'!'  shift 52
	'~'  shift 53
	.  error

	expression  goto 71


state 47
	expression : '&' . ident  (78)

	ident  shift 72
	.  error


state 48
	expression : '+' . expression  (71)

	NUM  shift 40
	FLOAT  shift 41
	CHAR_LIT  shift 42
	STRING_LIT  shift 43
	ident  shift 44
	INC  shift 45
	DEC  shift 46
	'&'  shift 47
	'+'  shift 48
	'-'  shift 49
	'*'  shift 50
	'('  shift 51
	'!'  shift 52
	'~'  shift 53
	.  error

	expression  goto 73


state 49
	expression : '-' . expression  (72)

	NUM  shift 40
	FLOAT  shift 41
	CHAR_LIT  shift 42
	STRING_LIT  shift 43
	ident  shift 44
	INC  shift 45
	DEC  shift 46
	'&'  shift 47
	'+'  shift 48
	'-'  shift 49
	'*'  shift 50
	'('  shift 51
	'!'  shift 52
	'~'  shift 53
	.  error

	expression  goto 74


state 50
	expression : '*' . expression  (77)

	NUM  shift 40
	FLOAT  shift 41
	CHAR_LIT  shift 42
	STRING_LIT  shift 43
	ident  shift 44
	INC  shift 45
	DEC  shift 46
	'&'  shift 47
	'+'  shift 48
	'-'  shift 49
	'*'  shift 50
	'('  shift 51
	'!'  shift 52
	'~'  shift 53
	.  error

	expression  goto 75


state 51
	expression : '(' . type ')' expression  (81)
	expression : '(' . expression ')'  (89)

	SHORT_TYPE  shift 2
	INT_TYPE  shift 3
	LONG_TYPE  shift 4
	LONGLONG_TYPE  shift 5
	FLOAT_TYPE  shift 6
	DOUBLE_TYPE  shift 7
	VOID_TYPE  shift 8
	CHAR_TYPE  shift 9
	CONST  shift 10
	SIGNED  shift 11
	UNSIGNED  shift 12
	NUM  shift 40
	FLOAT  shift 41
	CHAR_LIT  shift 42
	STRING_LIT  shift 43
	ident  shift 44
	INC  shift 45
	DEC  shift 46
	'&'  shift 47
	'+'  shift 48
	'-'  shift 49
	'*'  shift 50
	'('  shift 51
	'!'  shift 52
	'~'  shift 53
	.  error

	type  goto 76
	non_const  goto 14
	integer  goto 15
	int_size  goto 16
	expression  goto 77


state 52
	expression : '!' . expression  (82)

	NUM  shift 40
	FLOAT  shift 41
	CHAR_LIT  shift 42
	STRING_LIT  shift 43
	ident  shift 44
	INC  shift 45
	DEC  shift 46
	'&'  shift 47
	'+'  shift 48
	'-'  shift 49
	'*'  shift 50
	'('  shift 51
	'!'  shift 52
	'~'  shift 53
	.  error

	expression  goto 78


state 53
	expression : '~' . expression  (83)

	NUM  shift 40
	FLOAT  shift 41
	CHAR_LIT  shift 42
	STRING_LIT  shift 43
	ident  shift 44
	INC  shift 45
	DEC  shift 46
	'&'  shift 47
	'+'  shift 48
	'-'  shift 49
	'*'  shift 50
	'('  shift 51
	'!'  shift 52
	'~'  shift 53
	.  error

	expression  goto 79


state 54
	single_ident : ident '=' expression .  (26)
	expression : expression . '+' expression  (53)
	expression : expression . '-' expression  (54)
	expression : expression . '*' expression  (55)
	expression : expression . '/' expression  (56)
	expression : expression . '%' expression  (57)
	expression : expression . '>' expression  (58)
	expression : expression . '<' expression  (59)
	expression : expression . GE expression  (60)
	expression : expression . LE expression  (61)
	expression : expression . EQ expression  (62)
	expression : expression . NEQ expression  (63)
	expression : expression . LAND expression  (64)
	expression : expression . LOR expression  (65)
	expression : expression . '|' expression  (66)
	expression : expression . '^' expression  (67)
	expression : expression . '&' expression  (68)
	expression : expression . LSHIFT expression  (69)
	expression : expression . RSHIFT expression  (70)
	expression : expression . INC  (75)
	expression : expression . DEC  (76)

	INC  shift 80
	DEC  shift 81
	LAND  shift 82
	LOR  shift 83
	'|'  shift 84
	'^'  shift 85
	'&'  shift 86
	EQ  shift 87
	NEQ  shift 88
	'<'  shift 89
	'>'  shift 90
	GE  shift 91
	LE  shift 92
	LSHIFT  shift 93
	RSHIFT  shift 94
	'+'  shift 95
	'-'  shift 96
	'*'  shift 97
	'/'  shift 98
	'%'  shift 99
	';'  reduce 26
	','  reduce 26


state 55
	array_shape : '[' expression . ']'  (34)
	array_shape : '[' expression . ']' array_shape  (35)
	expression : expression . '+' expression  (53)
	expression : expression . '-' expression  (54)
	expression : expression . '*' expression  (55)
	expression : expression . '/' expression  (56)
	expression : expression . '%' expression  (57)
	expression : expression . '>' expression  (58)
	expression : expression . '<' expression  (59)
	expression : expression . GE expression  (60)
	expression : expression . LE expression  (61)
	expression : expression . EQ expression  (62)
	expression : expression . NEQ expression  (63)
	expression : expression . LAND expression  (64)
	expression : expression . LOR expression  (65)
	expression : expression . '|' expression  (66)
	expression : expression . '^' expression  (67)
	expression : expression . '&' expression  (68)
	expression : expression . LSHIFT expression  (69)
	expression : expression . RSHIFT expression  (70)
	expression : expression . INC  (75)
	expression : expression . DEC  (76)

	INC  shift 80
	DEC  shift 81
	LAND  shift 82
	LOR  shift 83
	'|'  shift 84
	'^'  shift 85
	'&'  shift 86
	EQ  shift 87
	NEQ  shift 88
	'<'  shift 89
	'>'  shift 90
	GE  shift 91
	LE  shift 92
	LSHIFT  shift 93
	RSHIFT  shift 94
	'+'  shift 95
	'-'  shift 96
	'*'  shift 97
	'/'  shift 98
	'%'  shift 99
	']'  shift 100
	.  error


state 56
	func_cfg : '(' ')' .  (44)

	.  reduce 44


state 57
	paras : type . ident ',' paras  (45)
	paras : type . '*' ident ',' paras  (46)
	paras : type . ident  (47)
	paras : type . '*' ident  (48)

	ident  shift 101
	'*'  shift 102
	.  error


state 58
	func_cfg : '(' paras . ')'  (43)

	')'  shift 103
	.  error


state 59
	single_array : ident array_shape '=' . arr_content  (33)

	'{'  shift 104
	.  error

	arr_content  goto 105


state 60
	func_decl : type ident func_cfg ';' .  (41)

	.  reduce 41


state 61
	func_decl : type '*' ident func_cfg . ';'  (42)

	';'  shift 106
	.  error


state 62
	single_ident : ident . '=' expression  (26)
	single_ident : ident .  (27)

	'='  shift 30
	';'  reduce 27
	','  reduce 27


state 63
	single_ident : '*' . ident  (28)

	ident  shift 107
	.  error


state 64
	idents : single_ident ',' idents .  (25)

	.  reduce 25


state 65
	single_array : ident . array_shape  (32)
	single_array : ident . array_shape '=' arr_content  (33)

	'['  shift 31
	.  error

	array_shape  goto 33


state 66
	arrays : single_array ',' arrays .  (31)

	.  reduce 31


state 67
	func_arg : '(' . ')'  (49)
	func_arg : '(' . args ')'  (50)

	NUM  shift 40
	FLOAT  shift 41
	CHAR_LIT  shift 42
	STRING_LIT  shift 43
	ident  shift 44
	INC  shift 45
	DEC  shift 46
	'&'  shift 47
	'+'  shift 48
	'-'  shift 49
	'*'  shift 50
	'('  shift 51
	')'  shift 108
	'!'  shift 52
	'~'  shift 53
	.  error

	expression  goto 109
	args  goto 110


state 68
	expression : ident array_shape .  (80)

	.  reduce 80


state 69
	expression : ident func_arg .  (79)

	.  reduce 79


70: shift/reduce conflict (shift 80, reduce 73) on INC
70: shift/reduce conflict (shift 81, reduce 73) on DEC
state 70
	expression : expression . '+' expression  (53)
	expression : expression . '-' expression  (54)
	expression : expression . '*' expression  (55)
	expression : expression . '/' expression  (56)
	expression : expression . '%' expression  (57)
	expression : expression . '>' expression  (58)
	expression : expression . '<' expression  (59)
	expression : expression . GE expression  (60)
	expression : expression . LE expression  (61)
	expression : expression . EQ expression  (62)
	expression : expression . NEQ expression  (63)
	expression : expression . LAND expression  (64)
	expression : expression . LOR expression  (65)
	expression : expression . '|' expression  (66)
	expression : expression . '^' expression  (67)
	expression : expression . '&' expression  (68)
	expression : expression . LSHIFT expression  (69)
	expression : expression . RSHIFT expression  (70)
	expression : INC expression .  (73)
	expression : expression . INC  (75)
	expression : expression . DEC  (76)

	INC  shift 80
	DEC  shift 81
	LAND  reduce 73
	LOR  reduce 73
	'|'  reduce 73
	'^'  reduce 73
	'&'  reduce 73
	EQ  reduce 73
	NEQ  reduce 73
	'<'  reduce 73
	'>'  reduce 73
	GE  reduce 73
	LE  reduce 73
	LSHIFT  reduce 73
	RSHIFT  reduce 73
	'+'  reduce 73
	'-'  reduce 73
	'*'  reduce 73
	'/'  reduce 73
	'%'  reduce 73
	';'  reduce 73
	','  reduce 73
	']'  reduce 73
	'}'  reduce 73
	')'  reduce 73


71: shift/reduce conflict (shift 80, reduce 74) on INC
71: shift/reduce conflict (shift 81, reduce 74) on DEC
state 71
	expression : expression . '+' expression  (53)
	expression : expression . '-' expression  (54)
	expression : expression . '*' expression  (55)
	expression : expression . '/' expression  (56)
	expression : expression . '%' expression  (57)
	expression : expression . '>' expression  (58)
	expression : expression . '<' expression  (59)
	expression : expression . GE expression  (60)
	expression : expression . LE expression  (61)
	expression : expression . EQ expression  (62)
	expression : expression . NEQ expression  (63)
	expression : expression . LAND expression  (64)
	expression : expression . LOR expression  (65)
	expression : expression . '|' expression  (66)
	expression : expression . '^' expression  (67)
	expression : expression . '&' expression  (68)
	expression : expression . LSHIFT expression  (69)
	expression : expression . RSHIFT expression  (70)
	expression : DEC expression .  (74)
	expression : expression . INC  (75)
	expression : expression . DEC  (76)

	INC  shift 80
	DEC  shift 81
	LAND  reduce 74
	LOR  reduce 74
	'|'  reduce 74
	'^'  reduce 74
	'&'  reduce 74
	EQ  reduce 74
	NEQ  reduce 74
	'<'  reduce 74
	'>'  reduce 74
	GE  reduce 74
	LE  reduce 74
	LSHIFT  reduce 74
	RSHIFT  reduce 74
	'+'  reduce 74
	'-'  reduce 74
	'*'  reduce 74
	'/'  reduce 74
	'%'  reduce 74
	';'  reduce 74
	','  reduce 74
	']'  reduce 74
	'}'  reduce 74
	')'  reduce 74


state 72
	expression : '&' ident .  (78)

	.  reduce 78


73: shift/reduce conflict (shift 80, reduce 71) on INC
73: shift/reduce conflict (shift 81, reduce 71) on DEC
state 73
	expression : expression . '+' expression  (53)
	expression : expression . '-' expression  (54)
	expression : expression . '*' expression  (55)
	expression : expression . '/' expression  (56)
	expression : expression . '%' expression  (57)
	expression : expression . '>' expression  (58)
	expression : expression . '<' expression  (59)
	expression : expression . GE expression  (60)
	expression : expression . LE expression  (61)
	expression : expression . EQ expression  (62)
	expression : expression . NEQ expression  (63)
	expression : expression . LAND expression  (64)
	expression : expression . LOR expression  (65)
	expression : expression . '|' expression  (66)
	expression : expression . '^' expression  (67)
	expression : expression . '&' expression  (68)
	expression : expression . LSHIFT expression  (69)
	expression : expression . RSHIFT expression  (70)
	expression : '+' expression .  (71)
	expression : expression . INC  (75)
	expression : expression . DEC  (76)

	INC  shift 80
	DEC  shift 81
	LAND  reduce 71
	LOR  reduce 71
	'|'  reduce 71
	'^'  reduce 71
	'&'  reduce 71
	EQ  reduce 71
	NEQ  reduce 71
	'<'  reduce 71
	'>'  reduce 71
	GE  reduce 71
	LE  reduce 71
	LSHIFT  reduce 71
	RSHIFT  reduce 71
	'+'  reduce 71
	'-'  reduce 71
	'*'  reduce 71
	'/'  reduce 71
	'%'  reduce 71
	';'  reduce 71
	','  reduce 71
	']'  reduce 71
	'}'  reduce 71
	')'  reduce 71


74: shift/reduce conflict (shift 80, reduce 72) on INC
74: shift/reduce conflict (shift 81, reduce 72) on DEC
state 74
	expression : expression . '+' expression  (53)
	expression : expression . '-' expression  (54)
	expression : expression . '*' expression  (55)
	expression : expression . '/' expression  (56)
	expression : expression . '%' expression  (57)
	expression : expression . '>' expression  (58)
	expression : expression . '<' expression  (59)
	expression : expression . GE expression  (60)
	expression : expression . LE expression  (61)
	expression : expression . EQ expression  (62)
	expression : expression . NEQ expression  (63)
	expression : expression . LAND expression  (64)
	expression : expression . LOR expression  (65)
	expression : expression . '|' expression  (66)
	expression : expression . '^' expression  (67)
	expression : expression . '&' expression  (68)
	expression : expression . LSHIFT expression  (69)
	expression : expression . RSHIFT expression  (70)
	expression : '-' expression .  (72)
	expression : expression . INC  (75)
	expression : expression . DEC  (76)

	INC  shift 80
	DEC  shift 81
	LAND  reduce 72
	LOR  reduce 72
	'|'  reduce 72
	'^'  reduce 72
	'&'  reduce 72
	EQ  reduce 72
	NEQ  reduce 72
	'<'  reduce 72
	'>'  reduce 72
	GE  reduce 72
	LE  reduce 72
	LSHIFT  reduce 72
	RSHIFT  reduce 72
	'+'  reduce 72
	'-'  reduce 72
	'*'  reduce 72
	'/'  reduce 72
	'%'  reduce 72
	';'  reduce 72
	','  reduce 72
	']'  reduce 72
	'}'  reduce 72
	')'  reduce 72


75: shift/reduce conflict (shift 80, reduce 77) on INC
75: shift/reduce conflict (shift 81, reduce 77) on DEC
state 75
	expression : expression . '+' expression  (53)
	expression : expression . '-' expression  (54)
	expression : expression . '*' expression  (55)
	expression : expression . '/' expression  (56)
	expression : expression . '%' expression  (57)
	expression : expression . '>' expression  (58)
	expression : expression . '<' expression  (59)
	expression : expression . GE expression  (60)
	expression : expression . LE expression  (61)
	expression : expression . EQ expression  (62)
	expression : expression . NEQ expression  (63)
	expression : expression . LAND expression  (64)
	expression : expression . LOR expression  (65)
	expression : expression . '|' expression  (66)
	expression : expression . '^' expression  (67)
	expression : expression . '&' expression  (68)
	expression : expression . LSHIFT expression  (69)
	expression : expression . RSHIFT expression  (70)
	expression : expression . INC  (75)
	expression : expression . DEC  (76)
	expression : '*' expression .  (77)

	INC  shift 80
	DEC  shift 81
	LAND  reduce 77
	LOR  reduce 77
	'|'  reduce 77
	'^'  reduce 77
	'&'  reduce 77
	EQ  reduce 77
	NEQ  reduce 77
	'<'  reduce 77
	'>'  reduce 77
	GE  reduce 77
	LE  reduce 77
	LSHIFT  reduce 77
	RSHIFT  reduce 77
	'+'  reduce 77
	'-'  reduce 77
	'*'  reduce 77
	'/'  reduce 77
	'%'  reduce 77
	';'  reduce 77
	','  reduce 77
	']'  reduce 77
	'}'  reduce 77
	')'  reduce 77


state 76
	expression : '(' type . ')' expression  (81)

	')'  shift 111
	.  error


state 77
	expression : expression . '+' expression  (53)
	expression : expression . '-' expression  (54)
	expression : expression . '*' expression  (55)
	expression : expression . '/' expression  (56)
	expression : expression . '%' expression  (57)
	expression : expression . '>' expression  (58)
	expression : expression . '<' expression  (59)
	expression : expression . GE expression  (60)
	expression : expression . LE expression  (61)
	expression : expression . EQ expression  (62)
	expression : expression . NEQ expression  (63)
	expression : expression . LAND expression  (64)
	expression : expression . LOR expression  (65)
	expression : expression . '|' expression  (66)
	expression : expression . '^' expression  (67)
	expression : expression . '&' expression  (68)
	expression : expression . LSHIFT expression  (69)
	expression : expression . RSHIFT expression  (70)
	expression : expression . INC  (75)
	expression : expression . DEC  (76)
	expression : '(' expression . ')'  (89)

	INC  shift 80
	DEC  shift 81
	LAND  shift 82
	LOR  shift 83
	'|'  shift 84
	'^'  shift 85
	'&'  shift 86
	EQ  shift 87
	NEQ  shift 88
	'<'  shift 89
	'>'  shift 90
	GE  shift 91
	LE  shift 92
	LSHIFT  shift 93
	RSHIFT  shift 94
	'+'  shift 95
	'-'  shift 96
	'*'  shift 97
	'/'  shift 98
	'%'  shift 99
	')'  shift 112
	.  error


78: shift/reduce conflict (shift 80, reduce 82) on INC
78: shift/reduce conflict (shift 81, reduce 82) on DEC
state 78
	expression : expression . '+' expression  (53)
	expression : expression . '-' expression  (54)
	expression : expression . '*' expression  (55)
	expression : expression . '/' expression  (56)
	expression : expression . '%' expression  (57)
	expression : expression . '>' expression  (58)
	expression : expression . '<' expression  (59)
	expression : expression . GE expression  (60)
	expression : expression . LE expression  (61)
	expression : expression . EQ expression  (62)
	expression : expression . NEQ expression  (63)
	expression : expression . LAND expression  (64)
	expression : expression . LOR expression  (65)
	expression : expression . '|' expression  (66)
	expression : expression . '^' expression  (67)
	expression : expression . '&' expression  (68)
	expression : expression . LSHIFT expression  (69)
	expression : expression . RSHIFT expression  (70)
	expression : expression . INC  (75)
	expression : expression . DEC  (76)
	expression : '!' expression .  (82)

	INC  shift 80
	DEC  shift 81
	LAND  reduce 82
	LOR  reduce 82
	'|'  reduce 82
	'^'  reduce 82
	'&'  reduce 82
	EQ  reduce 82
	NEQ  reduce 82
	'<'  reduce 82
	'>'  reduce 82
	GE  reduce 82
	LE  reduce 82
	LSHIFT  reduce 82
	RSHIFT  reduce 82
	'+'  reduce 82
	'-'  reduce 82
	'*'  reduce 82
	'/'  reduce 82
	'%'  reduce 82
	';'  reduce 82
	','  reduce 82
	']'  reduce 82
	'}'  reduce 82
	')'  reduce 82


79: shift/reduce conflict (shift 80, reduce 83) on INC
79: shift/reduce conflict (shift 81, reduce 83) on DEC
state 79
	expression : expression . '+' expression  (53)
	expression : expression . '-' expression  (54)
	expression : expression . '*' expression  (55)
	expression : expression . '/' expression  (56)
	expression : expression . '%' expression  (57)
	expression : expression . '>' expression  (58)
	expression : expression . '<' expression  (59)
	expression : expression . GE expression  (60)
	expression : expression . LE expression  (61)
	expression : expression . EQ expression  (62)
	expression : expression . NEQ expression  (63)
	expression : expression . LAND expression  (64)
	expression : expression . LOR expression  (65)
	expression : expression . '|' expression  (66)
	expression : expression . '^' expression  (67)
	expression : expression . '&' expression  (68)
	expression : expression . LSHIFT expression  (69)
	expression : expression . RSHIFT expression  (70)
	expression : expression . INC  (75)
	expression : expression . DEC  (76)
	expression : '~' expression .  (83)

	INC  shift 80
	DEC  shift 81
	LAND  reduce 83
	LOR  reduce 83
	'|'  reduce 83
	'^'  reduce 83
	'&'  reduce 83
	EQ  reduce 83
	NEQ  reduce 83
	'<'  reduce 83
	'>'  reduce 83
	GE  reduce 83
	LE  reduce 83
	LSHIFT  reduce 83
	RSHIFT  reduce 83
	'+'  reduce 83
	'-'  reduce 83
	'*'  reduce 83
	'/'  reduce 83
	'%'  reduce 83
	';'  reduce 83
	','  reduce 83
	']'  reduce 83
	'}'  reduce 83
	')'  reduce 83


state 80
	expression : expression INC .  (75)

	.  reduce 75


state 81
	expression : expression DEC .  (76)

	.  reduce 76


state 82
	expression : expression LAND . expression  (64)

	NUM  shift 40
	FLOAT  shift 41
	CHAR_LIT  shift 42
	STRING_LIT  shift 43
	ident  shift 44
	INC  shift 45
	DEC  shift 46
	'&'  shift 47
	'+'  shift 48
	'-'  shift 49
	'*'  shift 50
	'('  shift 51
	'!'  shift 52
	'~'  shift 53
	.  error

	expression  goto 113


state 83
	expression : expression LOR . expression  (65)

	NUM  shift 40
	FLOAT  shift 41
	CHAR_LIT  shift 42
	STRING_LIT  shift 43
	ident  shift 44
	INC  shift 45
	DEC  shift 46
	'&'  shift 47
	'+'  shift 48
	'-'  shift 49
	'*'  shift 50
	'('  shift 51
	'!'  shift 52
	'~'  shift 53
	.  error

	expression  goto 114


state 84
	expression : expression '|' . expression  (66)

	NUM  shift 40
	FLOAT  shift 41
	CHAR_LIT  shift 42
	STRING_LIT  shift 43
	ident  shift 44
	INC  shift 45
	DEC  shift 46
	'&'  shift 47
	'+'  shift 48
	'-'  shift 49
	'*'  shift 50
	'('  shift 51
	'!'  shift 52
	'~'  shift 53
	.  error

	expression  goto 115


state 85
	expression : expression '^' . expression  (67)

	NUM  shift 40
	FLOAT  shift 41
	CHAR_LIT  shift 42
	STRING_LIT  shift 43
	ident  shift 44
	INC  shift 45
	DEC  shift 46
	'&'  shift 47
	'+'  shift 48
	'-'  shift 49
	'*'  shift 50
	'('  shift 51
	'!'  shift 52
	'~'  shift 53
	.  error

	expression  goto 116


state 86
	expression : expression '&' . expression  (68)

	NUM  shift 40
	FLOAT  shift 41
	CHAR_LIT  shift 42
	STRING_LIT  shift 43
	ident  shift 44
	INC  shift 45
	DEC  shift 46
	'&'  shift 47
	'+'  shift 48
	'-'  shift 49
	'*'  shift 50
	'('  shift 51
	'!'  shift 52
	'~'  shift 53
	.  error

	expression  goto 117


state 87
	expression : expression EQ . expression  (62)

	NUM  shift 40
	FLOAT  shift 41
	CHAR_LIT  shift 42
	STRING_LIT  shift 43
	ident  shift 44
	INC  shift 45
	DEC  shift 46
	'&'  shift 47
	'+'  shift 48
	'-'  shift 49
	'*'  shift 50
	'('  shift 51
	'!'  shift 52
	'~'  shift 53
	.  error

	expression  goto 118


state 88
	expression : expression NEQ . expression  (63)

	NUM  shift 40
	FLOAT  shift 41
	CHAR_LIT  shift 42
	STRING_LIT  shift 43
	ident  shift 44
	INC  shift 45
	DEC  shift 46
	'&'  shift 47
	'+'  shift 48
	'-'  shift 49
	'*'  shift 50
	'('  shift 51
	'!'  shift 52
	'~'  shift 53
	.  error

	expression  goto 119


state 89
	expression : expression '<' . expression  (59)

	NUM  shift 40
	FLOAT  shift 41
	CHAR_LIT  shift 42
	STRING_LIT  shift 43
	ident  shift 44
	INC  shift 45
	DEC  shift 46
	'&'  shift 47
	'+'  shift 48
	'-'  shift 49
	'*'  shift 50
	'('  shift 51
	'!'  shift 52
	'~'  shift 53
	.  error

	expression  goto 120


state 90
	expression : expression '>' . expression  (58)

	NUM  shift 40
	FLOAT  shift 41
	CHAR_LIT  shift 42
	STRING_LIT  shift 43
	ident  shift 44
	INC  shift 45
	DEC  shift 46
	'&'  shift 47
	'+'  shift 48
	'-'  shift 49
	'*'  shift 50
	'('  shift 51
	'!'  shift 52
	'~'  shift 53
	.  error

	expression  goto 121


state 91
	expression : expression GE . expression  (60)

	NUM  shift 40
	FLOAT  shift 41
	CHAR_LIT  shift 42
	STRING_LIT  shift 43
	ident  shift 44
	INC  shift 45
	DEC  shift 46
	'&'  shift 47
	'+'  shift 48
	'-'  shift 49
	'*'  shift 50
	'('  shift 51
	'!'  shift 52
	'~'  shift 53
	.  error

	expression  goto 122


state 92
	expression : expression LE . expression  (61)

	NUM  shift 40
	FLOAT  shift 41
	CHAR_LIT  shift 42
	STRING_LIT  shift 43
	ident  shift 44
	INC  shift 45
	DEC  shift 46
	'&'  shift 47
	'+'  shift 48
	'-'  shift 49
	'*'  shift 50
	'('  shift 51
	'!'  shift 52
	'~'  shift 53
	.  error

	expression  goto 123


state 93
	expression : expression LSHIFT . expression  (69)

	NUM  shift 40
	FLOAT  shift 41
	CHAR_LIT  shift 42
	STRING_LIT  shift 43
	ident  shift 44
	INC  shift 45
	DEC  shift 46
	'&'  shift 47
	'+'  shift 48
	'-'  shift 49
	'*'  shift 50
	'('  shift 51
	'!'  shift 52
	'~'  shift 53
	.  error

	expression  goto 124


state 94
	expression : expression RSHIFT . expression  (70)

	NUM  shift 40
	FLOAT  shift 41
	CHAR_LIT  shift 42
	STRING_LIT  shift 43
	ident  shift 44
	INC  shift 45
	DEC  shift 46
	'&'  shift 47
	'+'  shift 48
	'-'  shift 49
	'*'  shift 50
	'('  shift 51
	'!'  shift 52
	'~'  shift 53
	.  error

	expression  goto 125


state 95
	expression : expression '+' . expression  (53)

	NUM  shift 40
	FLOAT  shift 41
	CHAR_LIT  shift 42
	STRING_LIT  shift 43
	ident  shift 44
	INC  shift 45
	DEC  shift 46
	'&'  shift 47
	'+'  shift 48
	'-'  shift 49
	'*'  shift 50
	'('  shift 51
	'!'  shift 52
	'~'  shift 53
	.  error

	expression  goto 126


state 96
	expression : expression '-' . expression  (54)

	NUM  shift 40
	FLOAT  shift 41
	CHAR_LIT  shift 42
	STRING_LIT  shift 43
	ident  shift 44
	INC  shift 45
	DEC  shift 46
	'&'  shift 47
	'+'  shift 48
	'-'  shift 49
	'*'  shift 50
	'('  shift 51
	'!'  shift 52
	'~'  shift 53
	.  error

	expression  goto 127


state 97
	expression : expression '*' . expression  (55)

	NUM  shift 40
	FLOAT  shift 41
	CHAR_LIT  shift 42
	STRING_LIT  shift 43
	ident  shift 44
	INC  shift 45
	DEC  shift 46
	'&'  shift 47
	'+'  shift 48
	'-'  shift 49
	'*'  shift 50
	'('  shift 51
	'!'  shift 52
	'~'  shift 53
	.  error

	expression  goto 128


state 98
	expression : expression '/' . expression  (56)

	NUM  shift 40
	FLOAT  shift 41
	CHAR_LIT  shift 42
	STRING_LIT  shift 43
	ident  shift 44
	INC  shift 45
	DEC  shift 46
	'&'  shift 47
	'+'  shift 48
	'-'  shift 49
	'*'  shift 50
	'('  shift 51
	'!'  shift 52
	'~'  shift 53
	.  error

	expression  goto 129


state 99
	expression : expression '%' . expression  (57)

	NUM  shift 40
	FLOAT  shift 41
	CHAR_LIT  shift 42
	STRING_LIT  shift 43
	ident  shift 44
	INC  shift 45
	DEC  shift 46
	'&'  shift 47
	'+'  shift 48
	'-'  shift 49
	'*'  shift 50
	'('  shift 51
	'!'  shift 52
	'~'  shift 53
	.  error

	expression  goto 130


state 100
	array_shape : '[' expression ']' .  (34)
	array_shape : '[' expression ']' . array_shape  (35)

	'['  shift 31
	'='  reduce 34
	INC  reduce 34
	DEC  reduce 34
	LAND  reduce 34
	LOR  reduce 34
	'|'  reduce 34
	'^'  reduce 34
	'&'  reduce 34
	EQ  reduce 34
	NEQ  reduce 34
	'<'  reduce 34
	'>'  reduce 34
	GE  reduce 34
	LE  reduce 34
	LSHIFT  reduce 34
	RSHIFT  reduce 34
	'+'  reduce 34
	'-'  reduce 34
	'*'  reduce 34
	'/'  reduce 34
	'%'  reduce 34
	';'  reduce 34
	','  reduce 34
	']'  reduce 34
	'}'  reduce 34
	')'  reduce 34

	array_shape  goto 131


state 101
	paras : type ident . ',' paras  (45)
	paras : type ident .  (47)

	','  shift 132
	')'  reduce 47


state 102
	paras : type '*' . ident ',' paras  (46)
	paras : type '*' . ident  (48)

	ident  shift 133
	.  error


state 103
	func_cfg : '(' paras ')' .  (43)

	.  reduce 43


state 104
	arr_content : '{' . list_contents '}'  (36)

	NUM  shift 40
	FLOAT  shift 41
	CHAR_LIT  shift 42
	STRING_LIT  shift 43
	ident  shift 44
	INC  shift 45
	DEC  shift 46
	'&'  shift 47
	'+'  shift 48
	'-'  shift 49
	'*'  shift 50
	'{'  shift 104
	'('  shift 51
	'!'  shift 52
	'~'  shift 53
	.  error

	expression  goto 134
	arr_content  goto 135
	list_contents  goto 136


state 105
	single_array : ident array_shape '=' arr_content .  (33)

	.  reduce 33


state 106
	func_decl : type '*' ident func_cfg ';' .  (42)

	.  reduce 42


state 107
	single_ident : '*' ident .  (28)

	.  reduce 28


state 108
	func_arg : '(' ')' .  (49)

	.  reduce 49


state 109
	args : expression . ',' args  (51)
	args : expression .  (52)
	expression : expression . '+' expression  (53)
	expression : expression . '-' expression  (54)
	expression : expression . '*' expression  (55)
	expression : expression . '/' expression  (56)
	expression : expression . '%' expression  (57)
	expression : expression . '>' expression  (58)
	expression : expression . '<' expression  (59)
	expression : expression . GE expression  (60)
	expression : expression . LE expression  (61)
	expression : expression . EQ expression  (62)
	expression : expression . NEQ expression  (63)
	expression : expression . LAND expression  (64)
	expression : expression . LOR expression  (65)
	expression : expression . '|' expression  (66)
	expression : expression . '^' expression  (67)
	expression : expression . '&' expression  (68)
	expression : expression . LSHIFT expression  (69)
	expression : expression . RSHIFT expression  (70)
	expression : expression . INC  (75)
	expression : expression . DEC  (76)

	INC  shift 80
	DEC  shift 81
	LAND  shift 82
	LOR  shift 83
	'|'  shift 84
	'^'  shift 85
	'&'  shift 86
	EQ  shift 87
	NEQ  shift 88
	'<'  shift 89
	'>'  shift 90
	GE  shift 91
	LE  shift 92
	LSHIFT  shift 93
	RSHIFT  shift 94
	'+'  shift 95
	'-'  shift 96
	'*'  shift 97
	'/'  shift 98
	'%'  shift 99
	','  shift 137
	')'  reduce 52


state 110
	func_arg : '(' args . ')'  (50)

	')'  shift 138
	.  error


state 111
	expression : '(' type ')' . expression  (81)

	NUM  shift 40
	FLOAT  shift 41
	CHAR_LIT  shift 42
	STRING_LIT  shift 43
	ident  shift 44
	INC  shift 45
	DEC  shift 46
	'&'  shift 47
	'+'  shift 48
	'-'  shift 49
	'*'  shift 50
	'('  shift 51
	'!'  shift 52
	'~'  shift 53
	.  error

	expression  goto 139


state 112
	expression : '(' expression ')' .  (89)

	.  reduce 89


113: shift/reduce conflict (shift 80, reduce 64) on INC
113: shift/reduce conflict (shift 81, reduce 64) on DEC
state 113
	expression : expression . '+' expression  (53)
	expression : expression . '-' expression  (54)
	expression : expression . '*' expression  (55)
	expression : expression . '/' expression  (56)
	expression : expression . '%' expression  (57)
	expression : expression . '>' expression  (58)
	expression : expression . '<' expression  (59)
	expression : expression . GE expression  (60)
	expression : expression . LE expression  (61)
	expression : expression . EQ expression  (62)
	expression : expression . NEQ expression  (63)
	expression : expression . LAND expression  (64)
	expression : expression LAND expression .  (64)
	expression : expression . LOR expression  (65)
	expression : expression . '|' expression  (66)
	expression : expression . '^' expression  (67)
	expression : expression . '&' expression  (68)
	expression : expression . LSHIFT expression  (69)
	expression : expression . RSHIFT expression  (70)
	expression : expression . INC  (75)
	expression : expression . DEC  (76)

	INC  shift 80
	DEC  shift 81
	'|'  shift 84
	'^'  shift 85
	'&'  shift 86
	EQ  shift 87
	NEQ  shift 88
	'<'  shift 89
	'>'  shift 90
	GE  shift 91
	LE  shift 92
	LSHIFT  shift 93
	RSHIFT  shift 94
	'+'  shift 95
	'-'  shift 96
	'*'  shift 97
	'/'  shift 98
	'%'  shift 99
	LAND  reduce 64
	LOR  reduce 64
	';'  reduce 64
	','  reduce 64
	']'  reduce 64
	'}'  reduce 64
	')'  reduce 64


114: shift/reduce conflict (shift 80, reduce 65) on INC
114: shift/reduce conflict (shift 81, reduce 65) on DEC
state 114
	expression : expression . '+' expression  (53)
	expression : expression . '-' expression  (54)
	expression : expression . '*' expression  (55)
	expression : expression . '/' expression  (56)
	expression : expression . '%' expression  (57)
	expression : expression . '>' expression  (58)
	expression : expression . '<' expression  (59)
	expression : expression . GE expression  (60)
	expression : expression . LE expression  (61)
	expression : expression . EQ expression  (62)
	expression : expression . NEQ expression  (63)
	expression : expression . LAND expression  (64)
	expression : expression . LOR expression  (65)
	expression : expression LOR expression .  (65)
	expression : expression . '|' expression  (66)
	expression : expression . '^' expression  (67)
	expression : expression . '&' expression  (68)
	expression : expression . LSHIFT expression  (69)
	expression : expression . RSHIFT expression  (70)
	expression : expression . INC  (75)
	expression : expression . DEC  (76)

	INC  shift 80
	DEC  shift 81
	LAND  shift 82
	'|'  shift 84
	'^'  shift 85
	'&'  shift 86
	EQ  shift 87
	NEQ  shift 88
	'<'  shift 89
	'>'  shift 90
	GE  shift 91
	LE  shift 92
	LSHIFT  shift 93
	RSHIFT  shift 94
	'+'  shift 95
	'-'  shift 96
	'*'  shift 97
	'/'  shift 98
	'%'  shift 99
	LOR  reduce 65
	';'  reduce 65
	','  reduce 65
	']'  reduce 65
	'}'  reduce 65
	')'  reduce 65


115: shift/reduce conflict (shift 80, reduce 66) on INC
115: shift/reduce conflict (shift 81, reduce 66) on DEC
state 115
	expression : expression . '+' expression  (53)
	expression : expression . '-' expression  (54)
	expression : expression . '*' expression  (55)
	expression : expression . '/' expression  (56)
	expression : expression . '%' expression  (57)
	expression : expression . '>' expression  (58)
	expression : expression . '<' expression  (59)
	expression : expression . GE expression  (60)
	expression : expression . LE expression  (61)
	expression : expression . EQ expression  (62)
	expression : expression . NEQ expression  (63)
	expression : expression . LAND expression  (64)
	expression : expression . LOR expression  (65)
	expression : expression . '|' expression  (66)
	expression : expression '|' expression .  (66)
	expression : expression . '^' expression  (67)
	expression : expression . '&' expression  (68)
	expression : expression . LSHIFT expression  (69)
	expression : expression . RSHIFT expression  (70)
	expression : expression . INC  (75)
	expression : expression . DEC  (76)

	INC  shift 80
	DEC  shift 81
	'^'  shift 85
	'&'  shift 86
	EQ  shift 87
	NEQ  shift 88
	'<'  shift 89
	'>'  shift 90
	GE  shift 91
	LE  shift 92
	LSHIFT  shift 93
	RSHIFT  shift 94
	'+'  shift 95
	'-'  shift 96
	'*'  shift 97
	'/'  shift 98
	'%'  shift 99
	LAND  reduce 66
	LOR  reduce 66
	'|'  reduce 66
	';'  reduce 66
	','  reduce 66
	']'  reduce 66
	'}'  reduce 66
	')'  reduce 66


116: shift/reduce conflict (shift 80, reduce 67) on INC
116: shift/reduce conflict (shift 81, reduce 67) on DEC
state 116
	expression : expression . '+' expression  (53)
	expression : expression . '-' expression  (54)
	expression : expression . '*' expression  (55)
	expression : expression . '/' expression  (56)
	expression : expression . '%' expression  (57)
	expression : expression . '>' expression  (58)
	expression : expression . '<' expression  (59)
	expression : expression . GE expression  (60)
	expression : expression . LE expression  (61)
	expression : expression . EQ expression  (62)
	expression : expression . NEQ expression  (63)
	expression : expression . LAND expression  (64)
	expression : expression . LOR expression  (65)
	expression : expression . '|' expression  (66)
	expression : expression . '^' expression  (67)
	expression : expression '^' expression .  (67)
	expression : expression . '&' expression  (68)
	expression : expression . LSHIFT expression  (69)
	expression : expression . RSHIFT expression  (70)
	expression : expression . INC  (75)
	expression : expression . DEC  (76)

	INC  shift 80
	DEC  shift 81
	'&'  shift 86
	EQ  shift 87
	NEQ  shift 88
	'<'  shift 89
	'>'  shift 90
	GE  shift 91
	LE  shift 92
	LSHIFT  shift 93
	RSHIFT  shift 94
	'+'  shift 95
	'-'  shift 96
	'*'  shift 97
	'/'  shift 98
	'%'  shift 99
	LAND  reduce 67
	LOR  reduce 67
	'|'  reduce 67
	'^'  reduce 67
	';'  reduce 67
	','  reduce 67
	']'  reduce 67
	'}'  reduce 67
	')'  reduce 67


117: shift/reduce conflict (shift 80, reduce 68) on INC
117: shift/reduce conflict (shift 81, reduce 68) on DEC
state 117
	expression : expression . '+' expression  (53)
	expression : expression . '-' expression  (54)
	expression : expression . '*' expression  (55)
	expression : expression . '/' expression  (56)
	expression : expression . '%' expression  (57)
	expression : expression . '>' expression  (58)
	expression : expression . '<' expression  (59)
	expression : expression . GE expression  (60)
	expression : expression . LE expression  (61)
	expression : expression . EQ expression  (62)
	expression : expression . NEQ expression  (63)
	expression : expression . LAND expression  (64)
	expression : expression . LOR expression  (65)
	expression : expression . '|' expression  (66)
	expression : expression . '^' expression  (67)
	expression : expression . '&' expression  (68)
	expression : expression '&' expression .  (68)
	expression : expression . LSHIFT expression  (69)
	expression : expression . RSHIFT expression  (70)
	expression : expression . INC  (75)
	expression : expression . DEC  (76)

	INC  shift 80
	DEC  shift 81
	EQ  shift 87
	NEQ  shift 88
	'<'  shift 89
	'>'  shift 90
	GE  shift 91
	LE  shift 92
	LSHIFT  shift 93
	RSHIFT  shift 94
	'+'  shift 95
	'-'  shift 96
	'*'  shift 97
	'/'  shift 98
	'%'  shift 99
	LAND  reduce 68
	LOR  reduce 68
	'|'  reduce 68
	'^'  reduce 68
	'&'  reduce 68
	';'  reduce 68
	','  reduce 68
	']'  reduce 68
	'}'  reduce 68
	')'  reduce 68


118: shift/reduce conflict (shift 80, reduce 62) on INC
118: shift/reduce conflict (shift 81, reduce 62) on DEC
state 118
	expression : expression . '+' expression  (53)
	expression : expression . '-' expression  (54)
	expression : expression . '*' expression  (55)
	expression : expression . '/' expression  (56)
	expression : expression . '%' expression  (57)
	expression : expression . '>' expression  (58)
	expression : expression . '<' expression  (59)
	expression : expression . GE expression  (60)
	expression : expression . LE expression  (61)
	expression : expression . EQ expression  (62)
	expression : expression EQ expression .  (62)
	expression : expression . NEQ expression  (63)
	expression : expression . LAND expression  (64)
	expression : expression . LOR expression  (65)
	expression : expression . '|' expression  (66)
	expression : expression . '^' expression  (67)
	expression : expression . '&' expression  (68)
	expression : expression . LSHIFT expression  (69)
	expression : expression . RSHIFT expression  (70)
	expression : expression . INC  (75)
	expression : expression . DEC  (76)

	INC  shift 80
	DEC  shift 81
	'<'  shift 89
	'>'  shift 90
	GE  shift 91
	LE  shift 92
	LSHIFT  shift 93
	RSHIFT  shift 94
	'+'  shift 95
	'-'  shift 96
	'*'  shift 97
	'/'  shift 98
	'%'  shift 99
	LAND  reduce 62
	LOR  reduce 62
	'|'  reduce 62
	'^'  reduce 62
	'&'  reduce 62
	EQ  reduce 62
	NEQ  reduce 62
	';'  reduce 62
	','  reduce 62
	']'  reduce 62
	'}'  reduce 62
	')'  reduce 62


119: shift/reduce conflict (shift 80, reduce 63) on INC
119: shift/reduce conflict (shift 81, reduce 63) on DEC
state 119
	expression : expression . '+' expression  (53)
	expression : expression . '-' expression  (54)
	expression : expression . '*' expression  (55)
	expression : expression . '/' expression  (56)
	expression : expression . '%' expression  (57)
	expression : expression . '>' expression  (58)
	expression : expression . '<' expression  (59)
	expression : expression . GE expression  (60)
	expression : expression . LE expression  (61)
	expression : expression . EQ expression  (62)
	expression : expression . NEQ expression  (63)
	expression : expression NEQ expression .  (63)
	expression : expression . LAND expression  (64)
	expression : expression . LOR expression  (65)
	expression : expression . '|' expression  (66)
	expression : expression . '^' expression  (67)
	expression : expression . '&' expression  (68)
	expression : expression . LSHIFT expression  (69)
	expression : expression . RSHIFT expression  (70)
	expression : expression . INC  (75)
	expression : expression . DEC  (76)

	INC  shift 80
	DEC  shift 81
	'<'  shift 89
	'>'  shift 90
	GE  shift 91
	LE  shift 92
	LSHIFT  shift 93
	RSHIFT  shift 94
	'+'  shift 95
	'-'  shift 96
	'*'  shift 97
	'/'  shift 98
	'%'  shift 99
	LAND  reduce 63
	LOR  reduce 63
	'|'  reduce 63
	'^'  reduce 63
	'&'  reduce 63
	EQ  reduce 63
	NEQ  reduce 63
	';'  reduce 63
	','  reduce 63
	']'  reduce 63
	'}'  reduce 63
	')'  reduce 63


120: shift/reduce conflict (shift 80, reduce 59) on INC
120: shift/reduce conflict (shift 81, reduce 59) on DEC
state 120
	expression : expression . '+' expression  (53)
	expression : expression . '-' expression  (54)
	expression : expression . '*' expression  (55)
	expression : expression . '/' expression  (56)
	expression : expression . '%' expression  (57)
	expression : expression . '>' expression  (58)
	expression : expression . '<' expression  (59)
	expression : expression '<' expression .  (59)
	expression : expression . GE expression  (60)
	expression : expression . LE expression  (61)
	expression : expression . EQ expression  (62)
	expression : expression . NEQ expression  (63)
	expression : expression . LAND expression  (64)
	expression : expression . LOR expression  (65)
	expression : expression . '|' expression  (66)
	expression : expression . '^' expression  (67)
	expression : expression . '&' expression  (68)
	expression : expression . LSHIFT expression  (69)
	expression : expression . RSHIFT expression  (70)
	expression : expression . INC  (75)
	expression : expression . DEC  (76)

	INC  shift 80
	DEC  shift 81
	LSHIFT  shift 93
	RSHIFT  shift 94
	'+'  shift 95
	'-'  shift 96
	'*'  shift 97
	'/'  shift 98
	'%'  shift 99
	LAND  reduce 59
	LOR  reduce 59
	'|'  reduce 59
	'^'  reduce 59
	'&'  reduce 59
	EQ  reduce 59
	NEQ  reduce 59
	'<'  reduce 59
	'>'  reduce 59
	GE  reduce 59
	LE  reduce 59
	';'  reduce 59
	','  reduce 59
	']'  reduce 59
	'}'  reduce 59
	')'  reduce 59


121: shift/reduce conflict (shift 80, reduce 58) on INC
121: shift/reduce conflict (shift 81, reduce 58) on DEC
state 121
	expression : expression . '+' expression  (53)
	expression : expression . '-' expression  (54)
	expression : expression . '*' expression  (55)
	expression : expression . '/' expression  (56)
	expression : expression . '%' expression  (57)
	expression : expression . '>' expression  (58)
	expression : expression '>' expression .  (58)
	expression : expression . '<' expression  (59)
	expression : expression . GE expression  (60)
	expression : expression . LE expression  (61)
	expression : expression . EQ expression  (62)
	expression : expression . NEQ expression  (63)
	expression : expression . LAND expression  (64)
	expression : expression . LOR expression  (65)
	expression : expression . '|' expression  (66)
	expression : expression . '^' expression  (67)
	expression : expression . '&' expression  (68)
	expression : expression . LSHIFT expression  (69)
	expression : expression . RSHIFT expression  (70)
	expression : expression . INC  (75)
	expression : expression . DEC  (76)

	INC  shift 80
	DEC  shift 81
	LSHIFT  shift 93
	RSHIFT  shift 94
	'+'  shift 95
	'-'  shift 96
	'*'  shift 97
	'/'  shift 98
	'%'  shift 99
	LAND  reduce 58
	LOR  reduce 58
	'|'  reduce 58
	'^'  reduce 58
	'&'  reduce 58
	EQ  reduce 58
	NEQ  reduce 58
	'<'  reduce 58
	'>'  reduce 58
	GE  reduce 58
	LE  reduce 58
	';'  reduce 58
	','  reduce 58
	']'  reduce 58
	'}'  reduce 58
	')'  reduce 58


122: shift/reduce conflict (shift 80, reduce 60) on INC
122: shift/reduce conflict (shift 81, reduce 60) on DEC
state 122
	expression : expression . '+' expression  (53)
	expression : expression . '-' expression  (54)
	expression : expression . '*' expression  (55)
	expression : expression . '/' expression  (56)
	expression : expression . '%' expression  (57)
	expression : expression . '>' expression  (58)
	expression : expression . '<' expression  (59)
	expression : expression . GE expression  (60)
	expression : expression GE expression .  (60)
	expression : expression . LE expression  (61)
	expression : expression . EQ expression  (62)
	expression : expression . NEQ expression  (63)
	expression : expression . LAND expression  (64)
	expression : expression . LOR expression  (65)
	expression : expression . '|' expression  (66)
	expression : expression . '^' expression  (67)
	expression : expression . '&' expression  (68)
	expression : expression . LSHIFT expression  (69)
	expression : expression . RSHIFT expression  (70)
	expression : expression . INC  (75)
	expression : expression . DEC  (76)

	INC  shift 80
	DEC  shift 81
	LSHIFT  shift 93
	RSHIFT  shift 94
	'+'  shift 95
	'-'  shift 96
	'*'  shift 97
	'/'  shift 98
	'%'  shift 99
	LAND  reduce 60
	LOR  reduce 60
	'|'  reduce 60
	'^'  reduce 60
	'&'  reduce 60
	EQ  reduce 60
	NEQ  reduce 60
	'<'  reduce 60
	'>'  reduce 60
	GE  reduce 60
	LE  reduce 60
	';'  reduce 60
	','  reduce 60
	']'  reduce 60
	'}'  reduce 60
	')'  reduce 60


123: shift/reduce conflict (shift 80, reduce 61) on INC
123: shift/reduce conflict (shift 81, reduce 61) on DEC
state 123
	expression : expression . '+' expression  (53)
	expression : expression . '-' expression  (54)
	expression : expression . '*' expression  (55)
	expression : expression . '/' expression  (56)
	expression : expression . '%' expression  (57)
	expression : expression . '>' expression  (58)
	expression : expression . '<' expression  (59)
	expression : expression . GE expression  (60)
	expression : expression . LE expression  (61)
	expression : expression LE expression .  (61)
	expression : expression . EQ expression  (62)
	expression : expression . NEQ expression  (63)
	expression : expression . LAND expression  (64)
	expression : expression . LOR expression  (65)
	expression : expression . '|' expression  (66)
	expression : expression . '^' expression  (67)
	expression : expression . '&' expression  (68)
	expression : expression . LSHIFT expression  (69)
	expression : expression . RSHIFT expression  (70)
	expression : expression . INC  (75)
	expression : expression . DEC  (76)

	INC  shift 80
	DEC  shift 81
	LSHIFT  shift 93
	RSHIFT  shift 94
	'+'  shift 95
	'-'  shift 96
	'*'  shift 97
	'/'  shift 98
	'%'  shift 99
	LAND  reduce 61
	LOR  reduce 61
	'|'  reduce 61
	'^'  reduce 61
	'&'  reduce 61
	EQ  reduce 61
	NEQ  reduce 61
	'<'  reduce 61
	'>'  reduce 61
	GE  reduce 61
	LE  reduce 61
	';'  reduce 61
	','  reduce 61
	']'  reduce 61
	'}'  reduce 61
	')'  reduce 61


124: shift/reduce conflict (shift 80, reduce 69) on INC
124: shift/reduce conflict (shift 81, reduce 69) on DEC
state 124
	expression : expression . '+' expression  (53)
	expression : expression . '-' expression  (54)
	expression : expression . '*' expression  (55)
	expression : expression . '/' expression  (56)
	expression : expression . '%' expression  (57)
	expression : expression . '>' expression  (58)
	expression : expression . '<' expression  (59)
	expression : expression . GE expression  (60)
	expression : expression . LE expression  (61)
	expression : expression . EQ expression  (62)
	expression : expression . NEQ expression  (63)
	expression : expression . LAND expression  (64)
	expression : expression . LOR expression  (65)
	expression : expression . '|' expression  (66)
	expression : expression . '^' expression  (67)
	expression : expression . '&' expression  (68)
	expression : expression . LSHIFT expression  (69)
	expression : expression LSHIFT expression .  (69)
	expression : expression . RSHIFT expression  (70)
	expression : expression . INC  (75)
	expression : expression . DEC  (76)

	INC  shift 80
	DEC  shift 81
	'+'  shift 95
	'-'  shift 96
	'*'  shift 97
	'/'  shift 98
	'%'  shift 99
	LAND  reduce 69
	LOR  reduce 69
	'|'  reduce 69
	'^'  reduce 69
	'&'  reduce 69
	EQ  reduce 69
	NEQ  reduce 69
	'<'  reduce 69
	'>'  reduce 69
	GE  reduce 69
	LE  reduce 69
	LSHIFT  reduce 69
	RSHIFT  reduce 69
	';'  reduce 69
	','  reduce 69
	']'  reduce 69
	'}'  reduce 69
	')'  reduce 69


125: shift/reduce conflict (shift 80, reduce 70) on INC
125: shift/reduce conflict (shift 81, reduce 70) on DEC
state 125
	expression : expression . '+' expression  (53)
	expression : expression . '-' expression  (54)
	expression : expression . '*' expression  (55)
	expression : expression . '/' expression  (56)
	expression : expression . '%' expression  (57)
	expression : expression . '>' expression  (58)
	expression : expression . '<' expression  (59)
	expression : expression . GE expression  (60)
	expression : expression . LE expression  (61)
	expression : expression . EQ expression  (62)
	expression : expression . NEQ expression  (63)
	expression : expression . LAND expression  (64)
	expression : expression . LOR expression  (65)
	expression : expression . '|' expression  (66)
	expression : expression . '^' expression  (67)
	expression : expression . '&' expression  (68)
	expression : expression . LSHIFT expression  (69)
	expression : expression . RSHIFT expression  (70)
	expression : expression RSHIFT expression .  (70)
	expression : expression . INC  (75)
	expression : expression . DEC  (76)

	INC  shift 80
	DEC  shift 81
	'+'  shift 95
	'-'  shift 96
	'*'  shift 97
	'/'  shift 98
	'%'  shift 99
	LAND  reduce 70
	LOR  reduce 70
	'|'  reduce 70
	'^'  reduce 70
	'&'  reduce 70
	EQ  reduce 70
	NEQ  reduce 70
	'<'  reduce 70
	'>'  reduce 70
	GE  reduce 70
	LE  reduce 70
	LSHIFT  reduce 70
	RSHIFT  reduce 70
	';'  reduce 70
	','  reduce 70
	']'  reduce 70
	'}'  reduce 70
	')'  reduce 70


126: shift/reduce conflict (shift 80, reduce 53) on INC
126: shift/reduce conflict (shift 81, reduce 53) on DEC
state 126
	expression : expression . '+' expression  (53)
	expression : expression '+' expression .  (53)
	expression : expression . '-' expression  (54)
	expression : expression . '*' expression  (55)
	expression : expression . '/' expression  (56)
	expression : expression . '%' expression  (57)
	expression : expression . '>' expression  (58)
	expression : expression . '<' expression  (59)
	expression : expression . GE expression  (60)
	expression : expression . LE expression  (61)
	expression : expression . EQ expression  (62)
	expression : expression . NEQ expression  (63)
	expression : expression . LAND expression  (64)
	expression : expression . LOR expression  (65)
	expression : expression . '|' expression  (66)
	expression : expression . '^' expression  (67)
	expression : expression . '&' expression  (68)
	expression : expression . LSHIFT expression  (69)
	expression : expression . RSHIFT expression  (70)
	expression : expression . INC  (75)
	expression : expression . DEC  (76)

	INC  shift 80
	DEC  shift 81
	'*'  shift 97
	'/'  shift 98
	'%'  shift 99
	LAND  reduce 53
	LOR  reduce 53
	'|'  reduce 53
	'^'  reduce 53
	'&'  reduce 53
	EQ  reduce 53
	NEQ  reduce 53
	'<'  reduce 53
	'>'  reduce 53
	GE  reduce 53
	LE  reduce 53
	LSHIFT  reduce 53
	RSHIFT  reduce 53
	'+'  reduce 53
	'-'  reduce 53
	';'  reduce 53
	','  reduce 53
	']'  reduce 53
	'}'  reduce 53
	')'  reduce 53


127: shift/reduce conflict (shift 80, reduce 54) on INC
127: shift/reduce conflict (shift 81, reduce 54) on DEC
state 127
	expression : expression . '+' expression  (53)
	expression : expression . '-' expression  (54)
	expression : expression '-' expression .  (54)
	expression : expression . '*' expression  (55)
	expression : expression . '/' expression  (56)
	expression : expression . '%' expression  (57)
	expression : expression . '>' expression  (58)
	expression : expression . '<' expression  (59)
	expression : expression . GE expression  (60)
	expression : expression . LE expression  (61)
	expression : expression . EQ expression  (62)
	expression : expression . NEQ expression  (63)
	expression : expression . LAND expression  (64)
	expression : expression . LOR expression  (65)
	expression : expression . '|' expression  (66)
	expression : expression . '^' expression  (67)
	expression : expression . '&' expression  (68)
	expression : expression . LSHIFT expression  (69)
	expression : expression . RSHIFT expression  (70)
	expression : expression . INC  (75)
	expression : expression . DEC  (76)

	INC  shift 80
	DEC  shift 81
	'*'  shift 97
	'/'  shift 98
	'%'  shift 99
	LAND  reduce 54
	LOR  reduce 54
	'|'  reduce 54
	'^'  reduce 54
	'&'  reduce 54
	EQ  reduce 54
	NEQ  reduce 54
	'<'  reduce 54
	'>'  reduce 54
	GE  reduce 54
	LE  reduce 54
	LSHIFT  reduce 54
	RSHIFT  reduce 54
	'+'  reduce 54
	'-'  reduce 54
	';'  reduce 54
	','  reduce 54
	']'  reduce 54
	'}'  reduce 54
	')'  reduce 54


128: shift/reduce conflict (shift 80, reduce 55) on INC
128: shift/reduce conflict (shift 81, reduce 55) on DEC
state 128
	expression : expression . '+' expression  (53)
	expression : expression . '-' expression  (54)
	expression : expression . '*' expression  (55)
	expression : expression '*' expression .  (55)
	expression : expression . '/' expression  (56)
	expression : expression . '%' expression  (57)
	expression : expression . '>' expression  (58)
	expression : expression . '<' expression  (59)
	expression : expression . GE expression  (60)
	expression : expression . LE expression  (61)
	expression : expression . EQ expression  (62)
	expression : expression . NEQ expression  (63)
	expression : expression . LAND expression  (64)
	expression : expression . LOR expression  (65)
	expression : expression . '|' expression  (66)
	expression : expression . '^' expression  (67)
	expression : expression . '&' expression  (68)
	expression : expression . LSHIFT expression  (69)
	expression : expression . RSHIFT expression  (70)
	expression : expression . INC  (75)
	expression : expression . DEC  (76)

	INC  shift 80
	DEC  shift 81
	LAND  reduce 55
	LOR  reduce 55
	'|'  reduce 55
	'^'  reduce 55
	'&'  reduce 55
	EQ  reduce 55
	NEQ  reduce 55
	'<'  reduce 55
	'>'  reduce 55
	GE  reduce 55
	LE  reduce 55
	LSHIFT  reduce 55
	RSHIFT  reduce 55
	'+'  reduce 55
	'-'  reduce 55
	'*'  reduce 55
	'/'  reduce 55
	'%'  reduce 55
	';'  reduce 55
	','  reduce 55
	']'  reduce 55
	'}'  reduce 55
	')'  reduce 55


129: shift/reduce conflict (shift 80, reduce 56) on INC
129: shift/reduce conflict (shift 81, reduce 56) on DEC
state 129
	expression : expression . '+' expression  (53)
	expression : expression . '-' expression  (54)
	expression : expression . '*' expression  (55)
	expression : expression . '/' expression  (56)
	expression : expression '/' expression .  (56)
	expression : expression . '%' expression  (57)
	expression : expression . '>' expression  (58)
	expression : expression . '<' expression  (59)
	expression : expression . GE expression  (60)
	expression : expression . LE expression  (61)
	expression : expression . EQ expression  (62)
	expression : expression . NEQ expression  (63)
	expression : expression . LAND expression  (64)
	expression : expression . LOR expression  (65)
	expression : expression . '|' expression  (66)
	expression : expression . '^' expression  (67)
	expression : expression . '&' expression  (68)
	expression : expression . LSHIFT expression  (69)
	expression : expression . RSHIFT expression  (70)
	expression : expression . INC  (75)
	expression : expression . DEC  (76)

	INC  shift 80
	DEC  shift 81
	LAND  reduce 56
	LOR  reduce 56
	'|'  reduce 56
	'^'  reduce 56
	'&'  reduce 56
	EQ  reduce 56
	NEQ  reduce 56
	'<'  reduce 56
	'>'  reduce 56
	GE  reduce 56
	LE  reduce 56
	LSHIFT  reduce 56
	RSHIFT  reduce 56
	'+'  reduce 56
	'-'  reduce 56
	'*'  reduce 56
	'/'  reduce 56
	'%'  reduce 56
	';'  reduce 56
	','  reduce 56
	']'  reduce 56
	'}'  reduce 56
	')'  reduce 56


130: shift/reduce conflict (shift 80, reduce 57) on INC
130: shift/reduce conflict (shift 81, reduce 57) on DEC
state 130
	expression : expression . '+' expression  (53)
	expression : expression . '-' expression  (54)
	expression : expression . '*' expression  (55)
	expression : expression . '/' expression  (56)
	expression : expression . '%' expression  (57)
	expression : expression '%' expression .  (57)
	expression : expression . '>' expression  (58)
	expression : expression . '<' expression  (59)
	expression : expression . GE expression  (60)
	expression : expression . LE expression  (61)
	expression : expression . EQ expression  (62)
	expression : expression . NEQ expression  (63)
	expression : expression . LAND expression  (64)
	expression : expression . LOR expression  (65)
	expression : expression . '|' expression  (66)
	expression : expression . '^' expression  (67)
	expression : expression . '&' expression  (68)
	expression : expression . LSHIFT expression  (69)
	expression : expression . RSHIFT expression  (70)
	expression : expression . INC  (75)
	expression : expression . DEC  (76)

	INC  shift 80
	DEC  shift 81
	LAND  reduce 57
	LOR  reduce 57
	'|'  reduce 57
	'^'  reduce 57
	'&'  reduce 57
	EQ  reduce 57
	NEQ  reduce 57
	'<'  reduce 57
	'>'  reduce 57
	GE  reduce 57
	LE  reduce 57
	LSHIFT  reduce 57
	RSHIFT  reduce 57
	'+'  reduce 57
	'-'  reduce 57
	'*'  reduce 57
	'/'  reduce 57
	'%'  reduce 57
	';'  reduce 57
	','  reduce 57
	']'  reduce 57
	'}'  reduce 57
	')'  reduce 57


state 131
	array_shape : '[' expression ']' array_shape .  (35)

	.  reduce 35


state 132
	paras : type ident ',' . paras  (45)

	SHORT_TYPE  shift 2
	INT_TYPE  shift 3
	LONG_TYPE  shift 4
	LONGLONG_TYPE  shift 5
	FLOAT_TYPE  shift 6
	DOUBLE_TYPE  shift 7
	VOID_TYPE  shift 8
	CHAR_TYPE  shift 9
	CONST  shift 10
	SIGNED  shift 11
	UNSIGNED  shift 12
	.  error

	type  goto 57
	non_const  goto 14
	integer  goto 15
	int_size  goto 16
	paras  goto 140


state 133
	paras : type '*' ident . ',' paras  (46)
	paras : type '*' ident .  (48)

	','  shift 141
	')'  reduce 48


state 134
	list_contents : expression . ',' list_contents  (38)
	list_contents : expression .  (40)
	expression : expression . '+' expression  (53)
	expression : expression . '-' expression  (54)
	expression : expression . '*' expression  (55)
	expression : expression . '/' expression  (56)
	expression : expression . '%' expression  (57)
	expression : expression . '>' expression  (58)
	expression : expression . '<' expression  (59)
	expression : expression . GE expression  (60)
	expression : expression . LE expression  (61)
	expression : expression . EQ expression  (62)
	expression : expression . NEQ expression  (63)
	expression : expression . LAND expression  (64)
	expression : expression . LOR expression  (65)
	expression : expression . '|' expression  (66)
	expression : expression . '^' expression  (67)
	expression : expression . '&' expression  (68)
	expression : expression . LSHIFT expression  (69)
	expression : expression . RSHIFT expression  (70)
	expression : expression . INC  (75)
	expression : expression . DEC  (76)

	INC  shift 80
	DEC  shift 81
	LAND  shift 82
	LOR  shift 83
	'|'  shift 84
	'^'  shift 85
	'&'  shift 86
	EQ  shift 87
	NEQ  shift 88
	'<'  shift 89
	'>'  shift 90
	GE  shift 91
	LE  shift 92
	LSHIFT  shift 93
	RSHIFT  shift 94
	'+'  shift 95
	'-'  shift 96
	'*'  shift 97
	'/'  shift 98
	'%'  shift 99
	','  shift 142
	'}'  reduce 40


state 135
	list_contents : arr_content . ',' list_contents  (37)
	list_contents : arr_content .  (39)

	','  shift 143
	'}'  reduce 39


state 136
	arr_content : '{' list_contents . '}'  (36)

	'}'  shift 144
	.  error


state 137
	args : expression ',' . args  (51)

	NUM  shift 40
	FLOAT  shift 41
	CHAR_LIT  shift 42
	STRING_LIT  shift 43
	ident  shift 44
	INC  shift 45
	DEC  shift 46
	'&'  shift 47
	'+'  shift 48
	'-'  shift 49
	'*'  shift 50
	'('  shift 51
	'!'  shift 52
	'~'  shift 53
	.  error

	expression  goto 109
	args  goto 145


state 138
	func_arg : '(' args ')' .  (50)

	.  reduce 50


139: shift/reduce conflict (shift 80, reduce 81) on INC
139: shift/reduce conflict (shift 81, reduce 81) on DEC
state 139
	expression : expression . '+' expression  (53)
	expression : expression . '-' expression  (54)
	expression : expression . '*' expression  (55)
	expression : expression . '/' expression  (56)
	expression : expression . '%' expression  (57)
	expression : expression . '>' expression  (58)
	expression : expression . '<' expression  (59)
	expression : expression . GE expression  (60)
	expression : expression . LE expression  (61)
	expression : expression . EQ expression  (62)
	expression : expression . NEQ expression  (63)
	expression : expression . LAND expression  (64)
	expression : expression . LOR expression  (65)
	expression : expression . '|' expression  (66)
	expression : expression . '^' expression  (67)
	expression : expression . '&' expression  (68)
	expression : expression . LSHIFT expression  (69)
	expression : expression . RSHIFT expression  (70)
	expression : expression . INC  (75)
	expression : expression . DEC  (76)
	expression : '(' type ')' expression .  (81)

	INC  shift 80
	DEC  shift 81
	LAND  reduce 81
	LOR  reduce 81
	'|'  reduce 81
	'^'  reduce 81
	'&'  reduce 81
	EQ  reduce 81
	NEQ  reduce 81
	'<'  reduce 81
	'>'  reduce 81
	GE  reduce 81
	LE  reduce 81
	LSHIFT  reduce 81
	RSHIFT  reduce 81
	'+'  reduce 81
	'-'  reduce 81
	'*'  reduce 81
	'/'  reduce 81
	'%'  reduce 81
	';'  reduce 81
	','  reduce 81
	']'  reduce 81
	'}'  reduce 81
	')'  reduce 81


state 140
	paras : type ident ',' paras .  (45)

	.  reduce 45


state 141
	paras : type '*' ident ',' . paras  (46)

	SHORT_TYPE  shift 2
	INT_TYPE  shift 3
	LONG_TYPE  shift 4
	LONGLONG_TYPE  shift 5
	FLOAT_TYPE  shift 6
	DOUBLE_TYPE  shift 7
	VOID_TYPE  shift 8
	CHAR_TYPE  shift 9
	CONST  shift 10
	SIGNED  shift 11
	UNSIGNED  shift 12
	.  error

	type  goto 57
	non_const  goto 14
	integer  goto 15
	int_size  goto 16
	paras  goto 146


state 142
	list_contents : expression ',' . list_contents  (38)

	NUM  shift 40
	FLOAT  shift 41
	CHAR_LIT  shift 42
	STRING_LIT  shift 43
	ident  shift 44
	INC  shift 45
	DEC  shift 46
	'&'  shift 47
	'+'  shift 48
	'-'  shift 49
	'*'  shift 50
	'{'  shift 104
	'('  shift 51
	'!'  shift 52
	'~'  shift 53
	.  error

	expression  goto 134
	arr_content  goto 135
	list_contents  goto 147


state 143
	list_contents : arr_content ',' . list_contents  (37)

	NUM  shift 40
	FLOAT  shift 41
	CHAR_LIT  shift 42
	STRING_LIT  shift 43
	ident  shift 44
	INC  shift 45
	DEC  shift 46
	'&'  shift 47
	'+'  shift 48
	'-'  shift 49
	'*'  shift 50
	'{'  shift 104
	'('  shift 51
	'!'  shift 52
	'~'  shift 53
	.  error

	expression  goto 134
	arr_content  goto 135
	list_contents  goto 148


state 144
	arr_content : '{' list_contents '}' .  (36)

	.  reduce 36


state 145
	args : expression ',' args .  (51)

	.  reduce 51


state 146
	paras : type '*' ident ',' paras .  (46)

	.  reduce 46


state 147
	list_contents : expression ',' list_contents .  (38)

	.  reduce 38


state 148
	list_contents : arr_content ',' list_contents .  (37)

	.  reduce 37


State 70 contains 2 shift/reduce conflicts.
State 71 contains 2 shift/reduce conflicts.
State 73 contains 2 shift/reduce conflicts.
State 74 contains 2 shift/reduce conflicts.
State 75 contains 2 shift/reduce conflicts.
State 78 contains 2 shift/reduce conflicts.
State 79 contains 2 shift/reduce conflicts.
State 113 contains 2 shift/reduce conflicts.
State 114 contains 2 shift/reduce conflicts.
State 115 contains 2 shift/reduce conflicts.
State 116 contains 2 shift/reduce conflicts.
State 117 contains 2 shift/reduce conflicts.
State 118 contains 2 shift/reduce conflicts.
State 119 contains 2 shift/reduce conflicts.
State 120 contains 2 shift/reduce conflicts.
State 121 contains 2 shift/reduce conflicts.
State 122 contains 2 shift/reduce conflicts.
State 123 contains 2 shift/reduce conflicts.
State 124 contains 2 shift/reduce conflicts.
State 125 contains 2 shift/reduce conflicts.
State 126 contains 2 shift/reduce conflicts.
State 127 contains 2 shift/reduce conflicts.
State 128 contains 2 shift/reduce conflicts.
State 129 contains 2 shift/reduce conflicts.
State 130 contains 2 shift/reduce conflicts.
State 139 contains 2 shift/reduce conflicts.


61 terminals, 21 nonterminals
90 grammar rules, 149 states

grammar parser grammar
symbol# value# symbol
     0      0  $end
     1    256  error
     2    257  SHORT_TYPE
     3    258  INT_TYPE
     4    259  LONG_TYPE
     5    260  LONGLONG_TYPE
     6    261  FLOAT_TYPE
     7    262  DOUBLE_TYPE
     8    263  VOID_TYPE
     9    264  CHAR_TYPE
    10    265  CONST
    11    266  SIGNED
    12    267  UNSIGNED
    13    268  NUM
    14     61  '='
    15    269  FLOAT
    16    270  CHAR_LIT
    17    271  STRING_LIT
    18    272  ident
    19    273  INC
    20    274  DEC
    21    275  LAND
    22    276  LOR
    23    124  '|'
    24     94  '^'
    25     38  '&'
    26    277  EQ
    27    278  NEQ
    28     60  '<'
    29     62  '>'
    30    279  GE
    31    280  LE
    32    281  LSHIFT
    33    282  RSHIFT
    34     43  '+'
    35     45  '-'
    36     42  '*'
    37     47  '/'
    38     37  '%'
    39    283  PREFIX
    40    284  UMINUS
    41    285  UPLUS
    42    286  LOG_NOT
    43    287  BIT_NOT
    44    288  TYPE_CAST
    45    289  DEREFERENCE
    46    290  ADDR
    47    291  SUFFIX
    48    292  FUNC_CALL
    49    293  ARR_SUB
    50    294  GROUP
    51     59  ';'
    52     44  ','
    53     91  '['
    54     93  ']'
    55    123  '{'
    56    125  '}'
    57     40  '('
    58     41  ')'
    59     33  '!'
    60    126  '~'
    61    295  $accept
    62    296  program
    63    297  type
    64    298  non_const
    65    299  integer
    66    300  int_size
    67    301  scalar_decl
    68    302  idents
    69    303  single_ident
    70    304  expression
    71    305  array_decl
    72    306  arrays
    73    307  single_array
    74    308  array_shape
    75    309  arr_content
    76    310  list_contents
    77    311  func_decl
    78    312  func_cfg
    79    313  paras
    80    314  func_arg
    81    315  args
